Analysis & Synthesis report for ECE417Lab2
Fri Dec 10 12:50:48 2021
Quartus Prime Version 16.0.0 Build 211 04/27/2016 SJ Lite Edition


---------------------
; Table of Contents ;
---------------------
  1. Legal Notice
  2. Analysis & Synthesis Summary
  3. Analysis & Synthesis Settings
  4. Parallel Compilation
  5. Analysis & Synthesis Source Files Read
  6. Analysis & Synthesis Resource Usage Summary
  7. Analysis & Synthesis Resource Utilization by Entity
  8. Analysis & Synthesis IP Cores Summary
  9. State Machine - |VGA|SYNC:C1|enemyState
 10. Registers Removed During Synthesis
 11. General Register Statistics
 12. Inverted Register Statistics
 13. Multiplexer Restructuring Statistics (Restructuring Performed)
 14. Parameter Settings for User Entity Instance: PLL:C|PLL_pll_0:pll_0|altera_pll:altera_pll_i
 15. Port Connectivity Checks: "PLL:C|PLL_pll_0:pll_0|altera_pll:altera_pll_i"
 16. Port Connectivity Checks: "PLL:C|PLL_pll_0:pll_0"
 17. Post-Synthesis Netlist Statistics for Top Partition
 18. Elapsed Time Per Partition
 19. Analysis & Synthesis Messages



----------------
; Legal Notice ;
----------------
Copyright (C) 1991-2016 Altera Corporation. All rights reserved.
Your use of Altera Corporation's design tools, logic functions 
and other software and tools, and its AMPP partner logic 
functions, and any output files from any of the foregoing 
(including device programming or simulation files), and any 
associated documentation or information are expressly subject 
to the terms and conditions of the Altera Program License 
Subscription Agreement, the Altera Quartus Prime License Agreement,
the Altera MegaCore Function License Agreement, or other 
applicable license agreement, including, without limitation, 
that your use is for the sole purpose of programming logic 
devices manufactured by Altera and sold by Altera or its 
authorized distributors.  Please refer to the applicable 
agreement for further details.



+-------------------------------------------------------------------------------+
; Analysis & Synthesis Summary                                                  ;
+---------------------------------+---------------------------------------------+
; Analysis & Synthesis Status     ; Successful - Fri Dec 10 12:50:48 2021       ;
; Quartus Prime Version           ; 16.0.0 Build 211 04/27/2016 SJ Lite Edition ;
; Revision Name                   ; ECE417Lab2                                  ;
; Top-level Entity Name           ; VGA                                         ;
; Family                          ; Cyclone V                                   ;
; Logic utilization (in ALMs)     ; N/A                                         ;
; Total registers                 ; 338                                         ;
; Total pins                      ; 33                                          ;
; Total virtual pins              ; 0                                           ;
; Total block memory bits         ; 0                                           ;
; Total DSP Blocks                ; 0                                           ;
; Total HSSI RX PCSs              ; 0                                           ;
; Total HSSI PMA RX Deserializers ; 0                                           ;
; Total HSSI TX PCSs              ; 0                                           ;
; Total HSSI PMA TX Serializers   ; 0                                           ;
; Total PLLs                      ; 1                                           ;
; Total DLLs                      ; 0                                           ;
+---------------------------------+---------------------------------------------+


+---------------------------------------------------------------------------------------------------------------------------+
; Analysis & Synthesis Settings                                                                                             ;
+---------------------------------------------------------------------------------+--------------------+--------------------+
; Option                                                                          ; Setting            ; Default Value      ;
+---------------------------------------------------------------------------------+--------------------+--------------------+
; Device                                                                          ; 5CSEMA5F31C6       ;                    ;
; Top-level entity name                                                           ; vga                ; ECE417Lab2         ;
; Family name                                                                     ; Cyclone V          ; Cyclone V          ;
; Use smart compilation                                                           ; Off                ; Off                ;
; Enable parallel Assembler and TimeQuest Timing Analyzer during compilation      ; On                 ; On                 ;
; Enable compact report table                                                     ; Off                ; Off                ;
; Restructure Multiplexers                                                        ; Auto               ; Auto               ;
; MLAB Add Timing Constraints For Mixed-Port Feed-Through Mode Setting Don't Care ; Off                ; Off                ;
; Create Debugging Nodes for IP Cores                                             ; Off                ; Off                ;
; Preserve fewer node names                                                       ; On                 ; On                 ;
; Disable OpenCore Plus hardware evaluation                                       ; Off                ; Off                ;
; Verilog Version                                                                 ; Verilog_2001       ; Verilog_2001       ;
; VHDL Version                                                                    ; VHDL_1993          ; VHDL_1993          ;
; State Machine Processing                                                        ; Auto               ; Auto               ;
; Safe State Machine                                                              ; Off                ; Off                ;
; Extract Verilog State Machines                                                  ; On                 ; On                 ;
; Extract VHDL State Machines                                                     ; On                 ; On                 ;
; Ignore Verilog initial constructs                                               ; Off                ; Off                ;
; Iteration limit for constant Verilog loops                                      ; 5000               ; 5000               ;
; Iteration limit for non-constant Verilog loops                                  ; 250                ; 250                ;
; Add Pass-Through Logic to Inferred RAMs                                         ; On                 ; On                 ;
; Infer RAMs from Raw Logic                                                       ; On                 ; On                 ;
; Parallel Synthesis                                                              ; On                 ; On                 ;
; DSP Block Balancing                                                             ; Auto               ; Auto               ;
; NOT Gate Push-Back                                                              ; On                 ; On                 ;
; Power-Up Don't Care                                                             ; On                 ; On                 ;
; Remove Redundant Logic Cells                                                    ; Off                ; Off                ;
; Remove Duplicate Registers                                                      ; On                 ; On                 ;
; Ignore CARRY Buffers                                                            ; Off                ; Off                ;
; Ignore CASCADE Buffers                                                          ; Off                ; Off                ;
; Ignore GLOBAL Buffers                                                           ; Off                ; Off                ;
; Ignore ROW GLOBAL Buffers                                                       ; Off                ; Off                ;
; Ignore LCELL Buffers                                                            ; Off                ; Off                ;
; Ignore SOFT Buffers                                                             ; On                 ; On                 ;
; Limit AHDL Integers to 32 Bits                                                  ; Off                ; Off                ;
; Optimization Technique                                                          ; Balanced           ; Balanced           ;
; Carry Chain Length                                                              ; 70                 ; 70                 ;
; Auto Carry Chains                                                               ; On                 ; On                 ;
; Auto Open-Drain Pins                                                            ; On                 ; On                 ;
; Perform WYSIWYG Primitive Resynthesis                                           ; Off                ; Off                ;
; Auto ROM Replacement                                                            ; On                 ; On                 ;
; Auto RAM Replacement                                                            ; On                 ; On                 ;
; Auto DSP Block Replacement                                                      ; On                 ; On                 ;
; Auto Shift Register Replacement                                                 ; Auto               ; Auto               ;
; Allow Shift Register Merging across Hierarchies                                 ; Auto               ; Auto               ;
; Auto Clock Enable Replacement                                                   ; On                 ; On                 ;
; Strict RAM Replacement                                                          ; Off                ; Off                ;
; Allow Synchronous Control Signals                                               ; On                 ; On                 ;
; Force Use of Synchronous Clear Signals                                          ; Off                ; Off                ;
; Auto Resource Sharing                                                           ; Off                ; Off                ;
; Allow Any RAM Size For Recognition                                              ; Off                ; Off                ;
; Allow Any ROM Size For Recognition                                              ; Off                ; Off                ;
; Allow Any Shift Register Size For Recognition                                   ; Off                ; Off                ;
; Use LogicLock Constraints during Resource Balancing                             ; On                 ; On                 ;
; Ignore translate_off and synthesis_off directives                               ; Off                ; Off                ;
; Timing-Driven Synthesis                                                         ; On                 ; On                 ;
; Report Parameter Settings                                                       ; On                 ; On                 ;
; Report Source Assignments                                                       ; On                 ; On                 ;
; Report Connectivity Checks                                                      ; On                 ; On                 ;
; Ignore Maximum Fan-Out Assignments                                              ; Off                ; Off                ;
; Synchronization Register Chain Length                                           ; 3                  ; 3                  ;
; PowerPlay Power Optimization During Synthesis                                   ; Normal compilation ; Normal compilation ;
; HDL message level                                                               ; Level2             ; Level2             ;
; Suppress Register Optimization Related Messages                                 ; Off                ; Off                ;
; Number of Removed Registers Reported in Synthesis Report                        ; 5000               ; 5000               ;
; Number of Swept Nodes Reported in Synthesis Report                              ; 5000               ; 5000               ;
; Number of Inverted Registers Reported in Synthesis Report                       ; 100                ; 100                ;
; Clock MUX Protection                                                            ; On                 ; On                 ;
; Auto Gated Clock Conversion                                                     ; Off                ; Off                ;
; Block Design Naming                                                             ; Auto               ; Auto               ;
; SDC constraint protection                                                       ; Off                ; Off                ;
; Synthesis Effort                                                                ; Auto               ; Auto               ;
; Shift Register Replacement - Allow Asynchronous Clear Signal                    ; On                 ; On                 ;
; Pre-Mapping Resynthesis Optimization                                            ; Off                ; Off                ;
; Analysis & Synthesis Message Level                                              ; Medium             ; Medium             ;
; Disable Register Merging Across Hierarchies                                     ; Auto               ; Auto               ;
; Resource Aware Inference For Block RAM                                          ; On                 ; On                 ;
; Synthesis Seed                                                                  ; 1                  ; 1                  ;
; Automatic Parallel Synthesis                                                    ; On                 ; On                 ;
; Partial Reconfiguration Bitstream ID                                            ; Off                ; Off                ;
+---------------------------------------------------------------------------------+--------------------+--------------------+


Parallel compilation was disabled, but you have multiple processors available. Enable parallel compilation to reduce compilation time.
+-------------------------------------+
; Parallel Compilation                ;
+----------------------------+--------+
; Processors                 ; Number ;
+----------------------------+--------+
; Number detected on machine ; 6      ;
; Maximum allowed            ; 1      ;
+----------------------------+--------+


+---------------------------------------------------------------------------------------------------------------------------------------------------------------------+
; Analysis & Synthesis Source Files Read                                                                                                                              ;
+--------------------------------------+-----------------+------------------------+-------------------------------------------------------------------------+---------+
; File Name with User-Entered Path     ; Used in Netlist ; File Type              ; File Name with Absolute Path                                            ; Library ;
+--------------------------------------+-----------------+------------------------+-------------------------------------------------------------------------+---------+
; sync.vhd                             ; yes             ; User VHDL File         ; C:/Users/oci2/Desktop/FinalProject/sync.vhd                             ;         ;
; subR.vhd                             ; yes             ; User VHDL File         ; C:/Users/oci2/Desktop/FinalProject/subR.vhd                             ;         ;
; PLL/synthesis/PLL.vhd                ; yes             ; User VHDL File         ; C:/Users/oci2/Desktop/FinalProject/PLL/synthesis/PLL.vhd                ; PLL     ;
; PLL/synthesis/submodules/PLL_pll_0.v ; yes             ; User Verilog HDL File  ; C:/Users/oci2/Desktop/FinalProject/PLL/synthesis/submodules/PLL_pll_0.v ; PLL     ;
; LFSR.vhd                             ; yes             ; User VHDL File         ; C:/Users/oci2/Desktop/FinalProject/LFSR.vhd                             ;         ;
; vga.vhd                              ; yes             ; User VHDL File         ; C:/Users/oci2/Desktop/FinalProject/vga.vhd                              ;         ;
; output_files/shoot.vhd               ; yes             ; User VHDL File         ; C:/Users/oci2/Desktop/FinalProject/output_files/shoot.vhd               ;         ;
; output_files/controller.vhd          ; yes             ; User VHDL File         ; C:/Users/oci2/Desktop/FinalProject/output_files/controller.vhd          ;         ;
; altera_pll.v                         ; yes             ; Megafunction           ; c:/altera_lite/16.0/quartus/libraries/megafunctions/altera_pll.v        ;         ;
+--------------------------------------+-----------------+------------------------+-------------------------------------------------------------------------+---------+


+----------------------------------------------------------------------+
; Analysis & Synthesis Resource Usage Summary                          ;
+---------------------------------------------+------------------------+
; Resource                                    ; Usage                  ;
+---------------------------------------------+------------------------+
; Estimate of Logic utilization (ALMs needed) ; 7115                   ;
;                                             ;                        ;
; Combinational ALUT usage for logic          ; 13373                  ;
;     -- 7 input functions                    ; 3                      ;
;     -- 6 input functions                    ; 850                    ;
;     -- 5 input functions                    ; 1982                   ;
;     -- 4 input functions                    ; 972                    ;
;     -- <=3 input functions                  ; 9566                   ;
;                                             ;                        ;
; Dedicated logic registers                   ; 338                    ;
;                                             ;                        ;
; I/O pins                                    ; 33                     ;
;                                             ;                        ;
; Total DSP Blocks                            ; 0                      ;
;                                             ;                        ;
; Total PLLs                                  ; 1                      ;
;     -- PLLs                                 ; 1                      ;
;                                             ;                        ;
; Maximum fan-out node                        ; SYNC:C1|clockCounter~7 ;
; Maximum fan-out                             ; 345                    ;
; Total fan-out                               ; 39391                  ;
; Average fan-out                             ; 2.86                   ;
+---------------------------------------------+------------------------+


+----------------------------------------------------------------------------------------------------------------------------------------------------------------------------------------------------------------+
; Analysis & Synthesis Resource Utilization by Entity                                                                                                                                                            ;
+------------------------------------+-------------------+--------------+-------------------+------------+------+--------------+----------------------------------------------------+-------------+--------------+
; Compilation Hierarchy Node         ; LC Combinationals ; LC Registers ; Block Memory Bits ; DSP Blocks ; Pins ; Virtual Pins ; Full Hierarchy Name                                ; Entity Name ; Library Name ;
+------------------------------------+-------------------+--------------+-------------------+------------+------+--------------+----------------------------------------------------+-------------+--------------+
; |VGA                               ; 13373 (0)         ; 338 (0)      ; 0                 ; 0          ; 33   ; 0            ; |VGA                                               ; VGA         ; work         ;
;    |Controller:controller1|        ; 3 (3)             ; 3 (3)        ; 0                 ; 0          ; 0    ; 0            ; |VGA|Controller:controller1                        ; Controller  ; work         ;
;    |LFSR:random1|                  ; 2 (2)             ; 8 (8)        ; 0                 ; 0          ; 0    ; 0            ; |VGA|LFSR:random1                                  ; LFSR        ; work         ;
;    |PLL:C|                         ; 0 (0)             ; 0 (0)        ; 0                 ; 0          ; 0    ; 0            ; |VGA|PLL:C                                         ; PLL         ; pll          ;
;       |PLL_pll_0:pll_0|            ; 0 (0)             ; 0 (0)        ; 0                 ; 0          ; 0    ; 0            ; |VGA|PLL:C|PLL_pll_0:pll_0                         ; PLL_pll_0   ; PLL          ;
;          |altera_pll:altera_pll_i| ; 0 (0)             ; 0 (0)        ; 0                 ; 0          ; 0    ; 0            ; |VGA|PLL:C|PLL_pll_0:pll_0|altera_pll:altera_pll_i ; altera_pll  ; work         ;
;    |SYNC:C1|                       ; 13368 (13368)     ; 327 (327)    ; 0                 ; 0          ; 0    ; 0            ; |VGA|SYNC:C1                                       ; SYNC        ; work         ;
+------------------------------------+-------------------+--------------+-------------------+------------+------+--------------+----------------------------------------------------+-------------+--------------+
Note: For table entries with two numbers listed, the numbers in parentheses indicate the number of resources of the given type used by the specific entity alone. The numbers listed outside of parentheses indicate the total resources of the given type used by the specific entity and all of its sub-entities in the hierarchy.


+--------------------------------------------------------------------------------------------------------------+
; Analysis & Synthesis IP Cores Summary                                                                        ;
+--------+--------------+---------+--------------+--------------+----------------------------+-----------------+
; Vendor ; IP Core Name ; Version ; Release Date ; License Type ; Entity Instance            ; IP Include File ;
+--------+--------------+---------+--------------+--------------+----------------------------+-----------------+
; N/A    ; Qsys         ; 16.1    ; N/A          ; N/A          ; |VGA|PLL:C                 ; PLL.qsys        ;
; Altera ; altera_pll   ; 16.1    ; N/A          ; N/A          ; |VGA|PLL:C|PLL_pll_0:pll_0 ; PLL.qsys        ;
+--------+--------------+---------+--------------+--------------+----------------------------+-----------------+


Encoding Type:  One-Hot
+------------------------------------------------------------------------------------------------------------+
; State Machine - |VGA|SYNC:C1|enemyState                                                                    ;
+---------------------+---------------------+---------------------+---------------------+--------------------+
; Name                ; enemyState.go_downr ; enemyState.go_downl ; enemyState.go_right ; enemyState.go_left ;
+---------------------+---------------------+---------------------+---------------------+--------------------+
; enemyState.go_left  ; 0                   ; 0                   ; 0                   ; 0                  ;
; enemyState.go_right ; 0                   ; 0                   ; 1                   ; 1                  ;
; enemyState.go_downl ; 0                   ; 1                   ; 0                   ; 1                  ;
; enemyState.go_downr ; 1                   ; 0                   ; 0                   ; 1                  ;
+---------------------+---------------------+---------------------+---------------------+--------------------+


+--------------------------------------------------------------------------------+
; Registers Removed During Synthesis                                             ;
+---------------------------------------+----------------------------------------+
; Register name                         ; Reason for Removal                     ;
+---------------------------------------+----------------------------------------+
; SYNC:C1|bulletX[0]                    ; Stuck at VCC due to stuck port data_in ;
; Total Number of Removed Registers = 1 ;                                        ;
+---------------------------------------+----------------------------------------+


+------------------------------------------------------+
; General Register Statistics                          ;
+----------------------------------------------+-------+
; Statistic                                    ; Value ;
+----------------------------------------------+-------+
; Total registers                              ; 338   ;
; Number of registers using Synchronous Clear  ; 171   ;
; Number of registers using Synchronous Load   ; 0     ;
; Number of registers using Asynchronous Clear ; 9     ;
; Number of registers using Asynchronous Load  ; 0     ;
; Number of registers using Clock Enable       ; 168   ;
; Number of registers using Preset             ; 0     ;
+----------------------------------------------+-------+


+---------------------------------------------------+
; Inverted Register Statistics                      ;
+-----------------------------------------+---------+
; Inverted Register                       ; Fan out ;
+-----------------------------------------+---------+
; SYNC:C1|bulletY[31]                     ; 25      ;
; SYNC:C1|enemyY[1]                       ; 65      ;
; SYNC:C1|bulletY[0]                      ; 17      ;
; SYNC:C1|enemyX[1]                       ; 98      ;
; SYNC:C1|bulletX[31]                     ; 31      ;
; SYNC:C1|enemyFlag[16]                   ; 4       ;
; SYNC:C1|enemyFlag[19]                   ; 6       ;
; SYNC:C1|enemyFlag[18]                   ; 3       ;
; SYNC:C1|enemyFlag[17]                   ; 3       ;
; SYNC:C1|enemyFlag[15]                   ; 3       ;
; SYNC:C1|enemyFlag[13]                   ; 3       ;
; SYNC:C1|enemyFlag[14]                   ; 3       ;
; SYNC:C1|enemyFlag[12]                   ; 3       ;
; SYNC:C1|enemyFlag[11]                   ; 3       ;
; SYNC:C1|enemyFlag[10]                   ; 3       ;
; SYNC:C1|enemyFlag[9]                    ; 3       ;
; SYNC:C1|enemyFlag[8]                    ; 4       ;
; SYNC:C1|enemyFlag[7]                    ; 3       ;
; SYNC:C1|enemyFlag[6]                    ; 3       ;
; SYNC:C1|enemyFlag[5]                    ; 3       ;
; SYNC:C1|enemyFlag[4]                    ; 3       ;
; SYNC:C1|enemyFlag[3]                    ; 3       ;
; SYNC:C1|enemyFlag[2]                    ; 3       ;
; SYNC:C1|enemyFlag[1]                    ; 4       ;
; SYNC:C1|enemyFlag[0]                    ; 3       ;
; LFSR:random1|Currstate[0]               ; 3       ;
; SYNC:C1|enemyY[5]                       ; 17      ;
; SYNC:C1|enemyY[3]                       ; 26      ;
; SYNC:C1|enemyX[3]                       ; 51      ;
; SYNC:C1|enemyX[7]                       ; 22      ;
; SYNC:C1|enemyX[6]                       ; 24      ;
; SYNC:C1|enemyX[8]                       ; 20      ;
; SYNC:C1|playerPosX[3]                   ; 18      ;
; SYNC:C1|playerPosX[9]                   ; 15      ;
; SYNC:C1|playerPosX[8]                   ; 15      ;
; SYNC:C1|playerPosX[7]                   ; 15      ;
; Total number of inverted registers = 36 ;         ;
+-----------------------------------------+---------+


+-------------------------------------------------------------------------------------------------------------------------------------------------+
; Multiplexer Restructuring Statistics (Restructuring Performed)                                                                                  ;
+--------------------+-----------+---------------+----------------------+------------------------+------------+-----------------------------------+
; Multiplexer Inputs ; Bus Width ; Baseline Area ; Area if Restructured ; Saving if Restructured ; Registered ; Example Multiplexer Output        ;
+--------------------+-----------+---------------+----------------------+------------------------+------------+-----------------------------------+
; 3:1                ; 32 bits   ; 64 LEs        ; 0 LEs                ; 64 LEs                 ; Yes        ; |VGA|SYNC:C1|clockCounter[7]      ;
; 3:1                ; 2 bits    ; 4 LEs         ; 2 LEs                ; 2 LEs                  ; Yes        ; |VGA|Controller:controller1|state ;
; 4:1                ; 32 bits   ; 64 LEs        ; 0 LEs                ; 64 LEs                 ; Yes        ; |VGA|SYNC:C1|bulletClock[16]      ;
; 4:1                ; 29 bits   ; 58 LEs        ; 0 LEs                ; 58 LEs                 ; Yes        ; |VGA|SYNC:C1|enemyY[20]           ;
; 6:1                ; 32 bits   ; 128 LEs       ; 0 LEs                ; 128 LEs                ; Yes        ; |VGA|SYNC:C1|enemyClock[29]       ;
; 4:1                ; 3 bits    ; 6 LEs         ; 3 LEs                ; 3 LEs                  ; Yes        ; |VGA|SYNC:C1|enemyY[3]            ;
; 4:1                ; 31 bits   ; 62 LEs        ; 62 LEs               ; 0 LEs                  ; No         ; |VGA|SYNC:C1|playerPosX           ;
; 5:1                ; 6 bits    ; 18 LEs        ; 12 LEs               ; 6 LEs                  ; No         ; |VGA|SYNC:C1|enemyX               ;
; 5:1                ; 26 bits   ; 78 LEs        ; 52 LEs               ; 26 LEs                 ; No         ; |VGA|SYNC:C1|enemyX               ;
; 5:1                ; 2 bits    ; 6 LEs         ; 6 LEs                ; 0 LEs                  ; No         ; |VGA|SYNC:C1|Selector99           ;
; 6:1                ; 2 bits    ; 8 LEs         ; 6 LEs                ; 2 LEs                  ; No         ; |VGA|SYNC:C1|Selector97           ;
+--------------------+-----------+---------------+----------------------+------------------------+------------+-----------------------------------+


+--------------------------------------------------------------------------------------------+
; Parameter Settings for User Entity Instance: PLL:C|PLL_pll_0:pll_0|altera_pll:altera_pll_i ;
+--------------------------------------+------------------------+----------------------------+
; Parameter Name                       ; Value                  ; Type                       ;
+--------------------------------------+------------------------+----------------------------+
; reference_clock_frequency            ; 50.0 MHz               ; String                     ;
; fractional_vco_multiplier            ; false                  ; String                     ;
; pll_type                             ; General                ; String                     ;
; pll_subtype                          ; General                ; String                     ;
; number_of_clocks                     ; 1                      ; Signed Integer             ;
; operation_mode                       ; direct                 ; String                     ;
; deserialization_factor               ; 4                      ; Signed Integer             ;
; data_rate                            ; 0                      ; Signed Integer             ;
; sim_additional_refclk_cycles_to_lock ; 0                      ; Signed Integer             ;
; output_clock_frequency0              ; 108.000000 MHz         ; String                     ;
; phase_shift0                         ; 0 ps                   ; String                     ;
; duty_cycle0                          ; 50                     ; Signed Integer             ;
; output_clock_frequency1              ; 0 MHz                  ; String                     ;
; phase_shift1                         ; 0 ps                   ; String                     ;
; duty_cycle1                          ; 50                     ; Signed Integer             ;
; output_clock_frequency2              ; 0 MHz                  ; String                     ;
; phase_shift2                         ; 0 ps                   ; String                     ;
; duty_cycle2                          ; 50                     ; Signed Integer             ;
; output_clock_frequency3              ; 0 MHz                  ; String                     ;
; phase_shift3                         ; 0 ps                   ; String                     ;
; duty_cycle3                          ; 50                     ; Signed Integer             ;
; output_clock_frequency4              ; 0 MHz                  ; String                     ;
; phase_shift4                         ; 0 ps                   ; String                     ;
; duty_cycle4                          ; 50                     ; Signed Integer             ;
; output_clock_frequency5              ; 0 MHz                  ; String                     ;
; phase_shift5                         ; 0 ps                   ; String                     ;
; duty_cycle5                          ; 50                     ; Signed Integer             ;
; output_clock_frequency6              ; 0 MHz                  ; String                     ;
; phase_shift6                         ; 0 ps                   ; String                     ;
; duty_cycle6                          ; 50                     ; Signed Integer             ;
; output_clock_frequency7              ; 0 MHz                  ; String                     ;
; phase_shift7                         ; 0 ps                   ; String                     ;
; duty_cycle7                          ; 50                     ; Signed Integer             ;
; output_clock_frequency8              ; 0 MHz                  ; String                     ;
; phase_shift8                         ; 0 ps                   ; String                     ;
; duty_cycle8                          ; 50                     ; Signed Integer             ;
; output_clock_frequency9              ; 0 MHz                  ; String                     ;
; phase_shift9                         ; 0 ps                   ; String                     ;
; duty_cycle9                          ; 50                     ; Signed Integer             ;
; output_clock_frequency10             ; 0 MHz                  ; String                     ;
; phase_shift10                        ; 0 ps                   ; String                     ;
; duty_cycle10                         ; 50                     ; Signed Integer             ;
; output_clock_frequency11             ; 0 MHz                  ; String                     ;
; phase_shift11                        ; 0 ps                   ; String                     ;
; duty_cycle11                         ; 50                     ; Signed Integer             ;
; output_clock_frequency12             ; 0 MHz                  ; String                     ;
; phase_shift12                        ; 0 ps                   ; String                     ;
; duty_cycle12                         ; 50                     ; Signed Integer             ;
; output_clock_frequency13             ; 0 MHz                  ; String                     ;
; phase_shift13                        ; 0 ps                   ; String                     ;
; duty_cycle13                         ; 50                     ; Signed Integer             ;
; output_clock_frequency14             ; 0 MHz                  ; String                     ;
; phase_shift14                        ; 0 ps                   ; String                     ;
; duty_cycle14                         ; 50                     ; Signed Integer             ;
; output_clock_frequency15             ; 0 MHz                  ; String                     ;
; phase_shift15                        ; 0 ps                   ; String                     ;
; duty_cycle15                         ; 50                     ; Signed Integer             ;
; output_clock_frequency16             ; 0 MHz                  ; String                     ;
; phase_shift16                        ; 0 ps                   ; String                     ;
; duty_cycle16                         ; 50                     ; Signed Integer             ;
; output_clock_frequency17             ; 0 MHz                  ; String                     ;
; phase_shift17                        ; 0 ps                   ; String                     ;
; duty_cycle17                         ; 50                     ; Signed Integer             ;
; clock_name_0                         ;                        ; String                     ;
; clock_name_1                         ;                        ; String                     ;
; clock_name_2                         ;                        ; String                     ;
; clock_name_3                         ;                        ; String                     ;
; clock_name_4                         ;                        ; String                     ;
; clock_name_5                         ;                        ; String                     ;
; clock_name_6                         ;                        ; String                     ;
; clock_name_7                         ;                        ; String                     ;
; clock_name_8                         ;                        ; String                     ;
; clock_name_global_0                  ; false                  ; String                     ;
; clock_name_global_1                  ; false                  ; String                     ;
; clock_name_global_2                  ; false                  ; String                     ;
; clock_name_global_3                  ; false                  ; String                     ;
; clock_name_global_4                  ; false                  ; String                     ;
; clock_name_global_5                  ; false                  ; String                     ;
; clock_name_global_6                  ; false                  ; String                     ;
; clock_name_global_7                  ; false                  ; String                     ;
; clock_name_global_8                  ; false                  ; String                     ;
; m_cnt_hi_div                         ; 1                      ; Signed Integer             ;
; m_cnt_lo_div                         ; 1                      ; Signed Integer             ;
; m_cnt_bypass_en                      ; false                  ; String                     ;
; m_cnt_odd_div_duty_en                ; false                  ; String                     ;
; n_cnt_hi_div                         ; 1                      ; Signed Integer             ;
; n_cnt_lo_div                         ; 1                      ; Signed Integer             ;
; n_cnt_bypass_en                      ; false                  ; String                     ;
; n_cnt_odd_div_duty_en                ; false                  ; String                     ;
; c_cnt_hi_div0                        ; 1                      ; Signed Integer             ;
; c_cnt_lo_div0                        ; 1                      ; Signed Integer             ;
; c_cnt_bypass_en0                     ; false                  ; String                     ;
; c_cnt_in_src0                        ; ph_mux_clk             ; String                     ;
; c_cnt_odd_div_duty_en0               ; false                  ; String                     ;
; c_cnt_prst0                          ; 1                      ; Signed Integer             ;
; c_cnt_ph_mux_prst0                   ; 0                      ; Signed Integer             ;
; c_cnt_hi_div1                        ; 1                      ; Signed Integer             ;
; c_cnt_lo_div1                        ; 1                      ; Signed Integer             ;
; c_cnt_bypass_en1                     ; false                  ; String                     ;
; c_cnt_in_src1                        ; ph_mux_clk             ; String                     ;
; c_cnt_odd_div_duty_en1               ; false                  ; String                     ;
; c_cnt_prst1                          ; 1                      ; Signed Integer             ;
; c_cnt_ph_mux_prst1                   ; 0                      ; Signed Integer             ;
; c_cnt_hi_div2                        ; 1                      ; Signed Integer             ;
; c_cnt_lo_div2                        ; 1                      ; Signed Integer             ;
; c_cnt_bypass_en2                     ; false                  ; String                     ;
; c_cnt_in_src2                        ; ph_mux_clk             ; String                     ;
; c_cnt_odd_div_duty_en2               ; false                  ; String                     ;
; c_cnt_prst2                          ; 1                      ; Signed Integer             ;
; c_cnt_ph_mux_prst2                   ; 0                      ; Signed Integer             ;
; c_cnt_hi_div3                        ; 1                      ; Signed Integer             ;
; c_cnt_lo_div3                        ; 1                      ; Signed Integer             ;
; c_cnt_bypass_en3                     ; false                  ; String                     ;
; c_cnt_in_src3                        ; ph_mux_clk             ; String                     ;
; c_cnt_odd_div_duty_en3               ; false                  ; String                     ;
; c_cnt_prst3                          ; 1                      ; Signed Integer             ;
; c_cnt_ph_mux_prst3                   ; 0                      ; Signed Integer             ;
; c_cnt_hi_div4                        ; 1                      ; Signed Integer             ;
; c_cnt_lo_div4                        ; 1                      ; Signed Integer             ;
; c_cnt_bypass_en4                     ; false                  ; String                     ;
; c_cnt_in_src4                        ; ph_mux_clk             ; String                     ;
; c_cnt_odd_div_duty_en4               ; false                  ; String                     ;
; c_cnt_prst4                          ; 1                      ; Signed Integer             ;
; c_cnt_ph_mux_prst4                   ; 0                      ; Signed Integer             ;
; c_cnt_hi_div5                        ; 1                      ; Signed Integer             ;
; c_cnt_lo_div5                        ; 1                      ; Signed Integer             ;
; c_cnt_bypass_en5                     ; false                  ; String                     ;
; c_cnt_in_src5                        ; ph_mux_clk             ; String                     ;
; c_cnt_odd_div_duty_en5               ; false                  ; String                     ;
; c_cnt_prst5                          ; 1                      ; Signed Integer             ;
; c_cnt_ph_mux_prst5                   ; 0                      ; Signed Integer             ;
; c_cnt_hi_div6                        ; 1                      ; Signed Integer             ;
; c_cnt_lo_div6                        ; 1                      ; Signed Integer             ;
; c_cnt_bypass_en6                     ; false                  ; String                     ;
; c_cnt_in_src6                        ; ph_mux_clk             ; String                     ;
; c_cnt_odd_div_duty_en6               ; false                  ; String                     ;
; c_cnt_prst6                          ; 1                      ; Signed Integer             ;
; c_cnt_ph_mux_prst6                   ; 0                      ; Signed Integer             ;
; c_cnt_hi_div7                        ; 1                      ; Signed Integer             ;
; c_cnt_lo_div7                        ; 1                      ; Signed Integer             ;
; c_cnt_bypass_en7                     ; false                  ; String                     ;
; c_cnt_in_src7                        ; ph_mux_clk             ; String                     ;
; c_cnt_odd_div_duty_en7               ; false                  ; String                     ;
; c_cnt_prst7                          ; 1                      ; Signed Integer             ;
; c_cnt_ph_mux_prst7                   ; 0                      ; Signed Integer             ;
; c_cnt_hi_div8                        ; 1                      ; Signed Integer             ;
; c_cnt_lo_div8                        ; 1                      ; Signed Integer             ;
; c_cnt_bypass_en8                     ; false                  ; String                     ;
; c_cnt_in_src8                        ; ph_mux_clk             ; String                     ;
; c_cnt_odd_div_duty_en8               ; false                  ; String                     ;
; c_cnt_prst8                          ; 1                      ; Signed Integer             ;
; c_cnt_ph_mux_prst8                   ; 0                      ; Signed Integer             ;
; c_cnt_hi_div9                        ; 1                      ; Signed Integer             ;
; c_cnt_lo_div9                        ; 1                      ; Signed Integer             ;
; c_cnt_bypass_en9                     ; false                  ; String                     ;
; c_cnt_in_src9                        ; ph_mux_clk             ; String                     ;
; c_cnt_odd_div_duty_en9               ; false                  ; String                     ;
; c_cnt_prst9                          ; 1                      ; Signed Integer             ;
; c_cnt_ph_mux_prst9                   ; 0                      ; Signed Integer             ;
; c_cnt_hi_div10                       ; 1                      ; Signed Integer             ;
; c_cnt_lo_div10                       ; 1                      ; Signed Integer             ;
; c_cnt_bypass_en10                    ; false                  ; String                     ;
; c_cnt_in_src10                       ; ph_mux_clk             ; String                     ;
; c_cnt_odd_div_duty_en10              ; false                  ; String                     ;
; c_cnt_prst10                         ; 1                      ; Signed Integer             ;
; c_cnt_ph_mux_prst10                  ; 0                      ; Signed Integer             ;
; c_cnt_hi_div11                       ; 1                      ; Signed Integer             ;
; c_cnt_lo_div11                       ; 1                      ; Signed Integer             ;
; c_cnt_bypass_en11                    ; false                  ; String                     ;
; c_cnt_in_src11                       ; ph_mux_clk             ; String                     ;
; c_cnt_odd_div_duty_en11              ; false                  ; String                     ;
; c_cnt_prst11                         ; 1                      ; Signed Integer             ;
; c_cnt_ph_mux_prst11                  ; 0                      ; Signed Integer             ;
; c_cnt_hi_div12                       ; 1                      ; Signed Integer             ;
; c_cnt_lo_div12                       ; 1                      ; Signed Integer             ;
; c_cnt_bypass_en12                    ; false                  ; String                     ;
; c_cnt_in_src12                       ; ph_mux_clk             ; String                     ;
; c_cnt_odd_div_duty_en12              ; false                  ; String                     ;
; c_cnt_prst12                         ; 1                      ; Signed Integer             ;
; c_cnt_ph_mux_prst12                  ; 0                      ; Signed Integer             ;
; c_cnt_hi_div13                       ; 1                      ; Signed Integer             ;
; c_cnt_lo_div13                       ; 1                      ; Signed Integer             ;
; c_cnt_bypass_en13                    ; false                  ; String                     ;
; c_cnt_in_src13                       ; ph_mux_clk             ; String                     ;
; c_cnt_odd_div_duty_en13              ; false                  ; String                     ;
; c_cnt_prst13                         ; 1                      ; Signed Integer             ;
; c_cnt_ph_mux_prst13                  ; 0                      ; Signed Integer             ;
; c_cnt_hi_div14                       ; 1                      ; Signed Integer             ;
; c_cnt_lo_div14                       ; 1                      ; Signed Integer             ;
; c_cnt_bypass_en14                    ; false                  ; String                     ;
; c_cnt_in_src14                       ; ph_mux_clk             ; String                     ;
; c_cnt_odd_div_duty_en14              ; false                  ; String                     ;
; c_cnt_prst14                         ; 1                      ; Signed Integer             ;
; c_cnt_ph_mux_prst14                  ; 0                      ; Signed Integer             ;
; c_cnt_hi_div15                       ; 1                      ; Signed Integer             ;
; c_cnt_lo_div15                       ; 1                      ; Signed Integer             ;
; c_cnt_bypass_en15                    ; false                  ; String                     ;
; c_cnt_in_src15                       ; ph_mux_clk             ; String                     ;
; c_cnt_odd_div_duty_en15              ; false                  ; String                     ;
; c_cnt_prst15                         ; 1                      ; Signed Integer             ;
; c_cnt_ph_mux_prst15                  ; 0                      ; Signed Integer             ;
; c_cnt_hi_div16                       ; 1                      ; Signed Integer             ;
; c_cnt_lo_div16                       ; 1                      ; Signed Integer             ;
; c_cnt_bypass_en16                    ; false                  ; String                     ;
; c_cnt_in_src16                       ; ph_mux_clk             ; String                     ;
; c_cnt_odd_div_duty_en16              ; false                  ; String                     ;
; c_cnt_prst16                         ; 1                      ; Signed Integer             ;
; c_cnt_ph_mux_prst16                  ; 0                      ; Signed Integer             ;
; c_cnt_hi_div17                       ; 1                      ; Signed Integer             ;
; c_cnt_lo_div17                       ; 1                      ; Signed Integer             ;
; c_cnt_bypass_en17                    ; false                  ; String                     ;
; c_cnt_in_src17                       ; ph_mux_clk             ; String                     ;
; c_cnt_odd_div_duty_en17              ; false                  ; String                     ;
; c_cnt_prst17                         ; 1                      ; Signed Integer             ;
; c_cnt_ph_mux_prst17                  ; 0                      ; Signed Integer             ;
; pll_vco_div                          ; 1                      ; Signed Integer             ;
; pll_slf_rst                          ; false                  ; String                     ;
; pll_bw_sel                           ; low                    ; String                     ;
; pll_output_clk_frequency             ; 0 MHz                  ; String                     ;
; pll_cp_current                       ; 0                      ; Signed Integer             ;
; pll_bwctrl                           ; 0                      ; Signed Integer             ;
; pll_fractional_division              ; 1                      ; Signed Integer             ;
; pll_fractional_cout                  ; 24                     ; Signed Integer             ;
; pll_dsm_out_sel                      ; 1st_order              ; String                     ;
; mimic_fbclk_type                     ; gclk                   ; String                     ;
; pll_fbclk_mux_1                      ; glb                    ; String                     ;
; pll_fbclk_mux_2                      ; fb_1                   ; String                     ;
; pll_m_cnt_in_src                     ; ph_mux_clk             ; String                     ;
; pll_vcoph_div                        ; 1                      ; Signed Integer             ;
; refclk1_frequency                    ; 0 MHz                  ; String                     ;
; pll_clkin_0_src                      ; clk_0                  ; String                     ;
; pll_clkin_1_src                      ; clk_0                  ; String                     ;
; pll_clk_loss_sw_en                   ; false                  ; String                     ;
; pll_auto_clk_sw_en                   ; false                  ; String                     ;
; pll_manu_clk_sw_en                   ; false                  ; String                     ;
; pll_clk_sw_dly                       ; 0                      ; Signed Integer             ;
; pll_extclk_0_cnt_src                 ; pll_extclk_cnt_src_vss ; String                     ;
; pll_extclk_1_cnt_src                 ; pll_extclk_cnt_src_vss ; String                     ;
+--------------------------------------+------------------------+----------------------------+
Note: In order to hide this table in the UI and the text report file, please set the "Show Parameter Settings in Synthesis Report" option in "Analysis and Synthesis Settings -> More Settings" to "Off".


+--------------------------------------------------------------------------------------------------------------------------------------------------------------------------------------+
; Port Connectivity Checks: "PLL:C|PLL_pll_0:pll_0|altera_pll:altera_pll_i"                                                                                                            ;
+-------------------+--------+----------+----------------------------------------------------------------------------------------------------------------------------------------------+
; Port              ; Type   ; Severity ; Details                                                                                                                                      ;
+-------------------+--------+----------+----------------------------------------------------------------------------------------------------------------------------------------------+
; fboutclk          ; Output ; Info     ; Explicitly unconnected                                                                                                                       ;
; fbclk             ; Input  ; Info     ; Stuck at GND                                                                                                                                 ;
; refclk1           ; Input  ; Warning  ; Declared by entity but not connected by instance. If a default value exists, it will be used.  Otherwise, the port will be connected to GND. ;
; phase_en          ; Input  ; Warning  ; Declared by entity but not connected by instance. If a default value exists, it will be used.  Otherwise, the port will be connected to GND. ;
; updn              ; Input  ; Warning  ; Declared by entity but not connected by instance. If a default value exists, it will be used.  Otherwise, the port will be connected to GND. ;
; num_phase_shifts  ; Input  ; Warning  ; Declared by entity but not connected by instance. If a default value exists, it will be used.  Otherwise, the port will be connected to GND. ;
; scanclk           ; Input  ; Warning  ; Declared by entity but not connected by instance. If a default value exists, it will be used.  Otherwise, the port will be connected to GND. ;
; cntsel            ; Input  ; Warning  ; Declared by entity but not connected by instance. If a default value exists, it will be used.  Otherwise, the port will be connected to GND. ;
; reconfig_to_pll   ; Input  ; Warning  ; Declared by entity but not connected by instance. If a default value exists, it will be used.  Otherwise, the port will be connected to GND. ;
; extswitch         ; Input  ; Warning  ; Declared by entity but not connected by instance. If a default value exists, it will be used.  Otherwise, the port will be connected to GND. ;
; adjpllin          ; Input  ; Warning  ; Declared by entity but not connected by instance. If a default value exists, it will be used.  Otherwise, the port will be connected to GND. ;
; cclk              ; Input  ; Warning  ; Declared by entity but not connected by instance. If a default value exists, it will be used.  Otherwise, the port will be connected to GND. ;
; phase_done        ; Output ; Warning  ; Declared by entity but not connected by instance. Logic that only feeds a dangling port will be removed.                                     ;
; reconfig_from_pll ; Output ; Warning  ; Declared by entity but not connected by instance. Logic that only feeds a dangling port will be removed.                                     ;
; activeclk         ; Output ; Warning  ; Declared by entity but not connected by instance. Logic that only feeds a dangling port will be removed.                                     ;
; clkbad            ; Output ; Warning  ; Declared by entity but not connected by instance. Logic that only feeds a dangling port will be removed.                                     ;
; phout             ; Output ; Warning  ; Declared by entity but not connected by instance. Logic that only feeds a dangling port will be removed.                                     ;
; lvds_clk          ; Output ; Warning  ; Declared by entity but not connected by instance. Logic that only feeds a dangling port will be removed.                                     ;
; loaden            ; Output ; Warning  ; Declared by entity but not connected by instance. Logic that only feeds a dangling port will be removed.                                     ;
; extclk_out        ; Output ; Warning  ; Declared by entity but not connected by instance. Logic that only feeds a dangling port will be removed.                                     ;
; cascade_out       ; Output ; Warning  ; Declared by entity but not connected by instance. Logic that only feeds a dangling port will be removed.                                     ;
; zdbfbclk          ; Bidir  ; Warning  ; Declared by entity but not connected by instance. Logic that only feeds a dangling port will be removed.                                     ;
+-------------------+--------+----------+----------------------------------------------------------------------------------------------------------------------------------------------+


+------------------------------------------------------------------------------------------------------------------+
; Port Connectivity Checks: "PLL:C|PLL_pll_0:pll_0"                                                                ;
+--------+--------+----------+-------------------------------------------------------------------------------------+
; Port   ; Type   ; Severity ; Details                                                                             ;
+--------+--------+----------+-------------------------------------------------------------------------------------+
; locked ; Output ; Info     ; Connected to dangling logic. Logic that only feeds a dangling port will be removed. ;
+--------+--------+----------+-------------------------------------------------------------------------------------+


+-----------------------------------------------------+
; Post-Synthesis Netlist Statistics for Top Partition ;
+-----------------------+-----------------------------+
; Type                  ; Count                       ;
+-----------------------+-----------------------------+
; arriav_ff             ; 338                         ;
;     CLR               ; 9                           ;
;     ENA               ; 64                          ;
;     ENA SCLR          ; 104                         ;
;     SCLR              ; 67                          ;
;     plain             ; 94                          ;
; arriav_lcell_comb     ; 13373                       ;
;     arith             ; 9523                        ;
;         0 data inputs ; 21                          ;
;         1 data inputs ; 9078                        ;
;         2 data inputs ; 82                          ;
;         4 data inputs ; 329                         ;
;         5 data inputs ; 13                          ;
;     extend            ; 3                           ;
;         7 data inputs ; 3                           ;
;     normal            ; 3847                        ;
;         1 data inputs ; 12                          ;
;         2 data inputs ; 198                         ;
;         3 data inputs ; 175                         ;
;         4 data inputs ; 643                         ;
;         5 data inputs ; 1969                        ;
;         6 data inputs ; 850                         ;
; boundary_port         ; 33                          ;
; generic_pll           ; 1                           ;
;                       ;                             ;
; Max LUT depth         ; 19.00                       ;
; Average LUT depth     ; 13.76                       ;
+-----------------------+-----------------------------+


+-------------------------------+
; Elapsed Time Per Partition    ;
+----------------+--------------+
; Partition Name ; Elapsed Time ;
+----------------+--------------+
; Top            ; 00:00:17     ;
+----------------+--------------+


+-------------------------------+
; Analysis & Synthesis Messages ;
+-------------------------------+
Info: *******************************************************************
Info: Running Quartus Prime Analysis & Synthesis
    Info: Version 16.0.0 Build 211 04/27/2016 SJ Lite Edition
    Info: Processing started: Fri Dec 10 12:50:19 2021
Info: Command: quartus_map --read_settings_files=on --write_settings_files=off ECE417Lab2 -c ECE417Lab2
Warning (20028): Parallel compilation is not licensed and has been disabled
Info (12021): Found 2 design units, including 1 entities, in source file sync.vhd
    Info (12022): Found design unit 1: SYNC-MAIN File: C:/Users/oci2/Desktop/FinalProject/sync.vhd Line: 27
    Info (12023): Found entity 1: SYNC File: C:/Users/oci2/Desktop/FinalProject/sync.vhd Line: 9
Info (12021): Found 2 design units, including 0 entities, in source file subr.vhd
    Info (12022): Found design unit 1: MY File: C:/Users/oci2/Desktop/FinalProject/subR.vhd Line: 5
    Info (12022): Found design unit 2: MY-body File: C:/Users/oci2/Desktop/FinalProject/subR.vhd Line: 9
Info (12021): Found 2 design units, including 1 entities, in source file pll/synthesis/pll.vhd
    Info (12022): Found design unit 1: PLL-rtl File: C:/Users/oci2/Desktop/FinalProject/PLL/synthesis/PLL.vhd Line: 17
    Info (12023): Found entity 1: PLL File: C:/Users/oci2/Desktop/FinalProject/PLL/synthesis/PLL.vhd Line: 9
Info (12021): Found 1 design units, including 1 entities, in source file pll/synthesis/submodules/pll_pll_0.v
    Info (12023): Found entity 1: PLL_pll_0 File: C:/Users/oci2/Desktop/FinalProject/PLL/synthesis/submodules/PLL_pll_0.v Line: 2
Info (12021): Found 2 design units, including 1 entities, in source file lfsr.vhd
    Info (12022): Found design unit 1: LFSR-MAIN File: C:/Users/oci2/Desktop/FinalProject/LFSR.vhd Line: 13
    Info (12023): Found entity 1: LFSR File: C:/Users/oci2/Desktop/FinalProject/LFSR.vhd Line: 7
Info (12021): Found 2 design units, including 1 entities, in source file vga.vhd
    Info (12022): Found design unit 1: VGA-MAIN File: C:/Users/oci2/Desktop/FinalProject/vga.vhd Line: 17
    Info (12023): Found entity 1: VGA File: C:/Users/oci2/Desktop/FinalProject/vga.vhd Line: 6
Info (12021): Found 2 design units, including 0 entities, in source file output_files/shoot.vhd
    Info (12022): Found design unit 1: PACK File: C:/Users/oci2/Desktop/FinalProject/output_files/shoot.vhd Line: 5
    Info (12022): Found design unit 2: PACK-body File: C:/Users/oci2/Desktop/FinalProject/output_files/shoot.vhd Line: 30
Info (12021): Found 2 design units, including 1 entities, in source file output_files/controller.vhd
    Info (12022): Found design unit 1: Controller-Main File: C:/Users/oci2/Desktop/FinalProject/output_files/controller.vhd Line: 14
    Info (12023): Found entity 1: Controller File: C:/Users/oci2/Desktop/FinalProject/output_files/controller.vhd Line: 5
Info (12127): Elaborating entity "vga" for the top level hierarchy
Warning (10541): VHDL Signal Declaration warning at vga.vhd(18): used implicit default value for signal "RESET" because signal was never assigned a value or an explicit default value. Use of implicit default value may introduce unintended design optimizations. File: C:/Users/oci2/Desktop/FinalProject/vga.vhd Line: 18
Warning (10541): VHDL Signal Declaration warning at vga.vhd(22): used implicit default value for signal "shoot" because signal was never assigned a value or an explicit default value. Use of implicit default value may introduce unintended design optimizations. File: C:/Users/oci2/Desktop/FinalProject/vga.vhd Line: 22
Warning (10541): VHDL Signal Declaration warning at vga.vhd(23): used implicit default value for signal "spawnEnemy" because signal was never assigned a value or an explicit default value. Use of implicit default value may introduce unintended design optimizations. File: C:/Users/oci2/Desktop/FinalProject/vga.vhd Line: 23
Warning (10541): VHDL Signal Declaration warning at vga.vhd(24): used implicit default value for signal "resetRandom" because signal was never assigned a value or an explicit default value. Use of implicit default value may introduce unintended design optimizations. File: C:/Users/oci2/Desktop/FinalProject/vga.vhd Line: 24
Info (12128): Elaborating entity "PLL" for hierarchy "PLL:C" File: C:/Users/oci2/Desktop/FinalProject/vga.vhd Line: 68
Info (12128): Elaborating entity "PLL_pll_0" for hierarchy "PLL:C|PLL_pll_0:pll_0" File: C:/Users/oci2/Desktop/FinalProject/PLL/synthesis/PLL.vhd Line: 29
Info (12128): Elaborating entity "altera_pll" for hierarchy "PLL:C|PLL_pll_0:pll_0|altera_pll:altera_pll_i" File: C:/Users/oci2/Desktop/FinalProject/PLL/synthesis/submodules/PLL_pll_0.v Line: 85
Info (10008): Verilog HDL or VHDL information: EDA Netlist Writer cannot regroup multidimensional array "wire_to_nowhere_64" into its bus
Info (12130): Elaborated megafunction instantiation "PLL:C|PLL_pll_0:pll_0|altera_pll:altera_pll_i" File: C:/Users/oci2/Desktop/FinalProject/PLL/synthesis/submodules/PLL_pll_0.v Line: 85
Info (12133): Instantiated megafunction "PLL:C|PLL_pll_0:pll_0|altera_pll:altera_pll_i" with the following parameter: File: C:/Users/oci2/Desktop/FinalProject/PLL/synthesis/submodules/PLL_pll_0.v Line: 85
    Info (12134): Parameter "fractional_vco_multiplier" = "false"
    Info (12134): Parameter "reference_clock_frequency" = "50.0 MHz"
    Info (12134): Parameter "operation_mode" = "direct"
    Info (12134): Parameter "number_of_clocks" = "1"
    Info (12134): Parameter "output_clock_frequency0" = "108.000000 MHz"
    Info (12134): Parameter "phase_shift0" = "0 ps"
    Info (12134): Parameter "duty_cycle0" = "50"
    Info (12134): Parameter "output_clock_frequency1" = "0 MHz"
    Info (12134): Parameter "phase_shift1" = "0 ps"
    Info (12134): Parameter "duty_cycle1" = "50"
    Info (12134): Parameter "output_clock_frequency2" = "0 MHz"
    Info (12134): Parameter "phase_shift2" = "0 ps"
    Info (12134): Parameter "duty_cycle2" = "50"
    Info (12134): Parameter "output_clock_frequency3" = "0 MHz"
    Info (12134): Parameter "phase_shift3" = "0 ps"
    Info (12134): Parameter "duty_cycle3" = "50"
    Info (12134): Parameter "output_clock_frequency4" = "0 MHz"
    Info (12134): Parameter "phase_shift4" = "0 ps"
    Info (12134): Parameter "duty_cycle4" = "50"
    Info (12134): Parameter "output_clock_frequency5" = "0 MHz"
    Info (12134): Parameter "phase_shift5" = "0 ps"
    Info (12134): Parameter "duty_cycle5" = "50"
    Info (12134): Parameter "output_clock_frequency6" = "0 MHz"
    Info (12134): Parameter "phase_shift6" = "0 ps"
    Info (12134): Parameter "duty_cycle6" = "50"
    Info (12134): Parameter "output_clock_frequency7" = "0 MHz"
    Info (12134): Parameter "phase_shift7" = "0 ps"
    Info (12134): Parameter "duty_cycle7" = "50"
    Info (12134): Parameter "output_clock_frequency8" = "0 MHz"
    Info (12134): Parameter "phase_shift8" = "0 ps"
    Info (12134): Parameter "duty_cycle8" = "50"
    Info (12134): Parameter "output_clock_frequency9" = "0 MHz"
    Info (12134): Parameter "phase_shift9" = "0 ps"
    Info (12134): Parameter "duty_cycle9" = "50"
    Info (12134): Parameter "output_clock_frequency10" = "0 MHz"
    Info (12134): Parameter "phase_shift10" = "0 ps"
    Info (12134): Parameter "duty_cycle10" = "50"
    Info (12134): Parameter "output_clock_frequency11" = "0 MHz"
    Info (12134): Parameter "phase_shift11" = "0 ps"
    Info (12134): Parameter "duty_cycle11" = "50"
    Info (12134): Parameter "output_clock_frequency12" = "0 MHz"
    Info (12134): Parameter "phase_shift12" = "0 ps"
    Info (12134): Parameter "duty_cycle12" = "50"
    Info (12134): Parameter "output_clock_frequency13" = "0 MHz"
    Info (12134): Parameter "phase_shift13" = "0 ps"
    Info (12134): Parameter "duty_cycle13" = "50"
    Info (12134): Parameter "output_clock_frequency14" = "0 MHz"
    Info (12134): Parameter "phase_shift14" = "0 ps"
    Info (12134): Parameter "duty_cycle14" = "50"
    Info (12134): Parameter "output_clock_frequency15" = "0 MHz"
    Info (12134): Parameter "phase_shift15" = "0 ps"
    Info (12134): Parameter "duty_cycle15" = "50"
    Info (12134): Parameter "output_clock_frequency16" = "0 MHz"
    Info (12134): Parameter "phase_shift16" = "0 ps"
    Info (12134): Parameter "duty_cycle16" = "50"
    Info (12134): Parameter "output_clock_frequency17" = "0 MHz"
    Info (12134): Parameter "phase_shift17" = "0 ps"
    Info (12134): Parameter "duty_cycle17" = "50"
    Info (12134): Parameter "pll_type" = "General"
    Info (12134): Parameter "pll_subtype" = "General"
Info (12128): Elaborating entity "Controller" for hierarchy "Controller:controller1" File: C:/Users/oci2/Desktop/FinalProject/vga.vhd Line: 69
Info (12128): Elaborating entity "SYNC" for hierarchy "SYNC:C1" File: C:/Users/oci2/Desktop/FinalProject/vga.vhd Line: 70
Warning (10036): Verilog HDL or VHDL warning at sync.vhd(29): object "RGB" assigned a value but never read File: C:/Users/oci2/Desktop/FinalProject/sync.vhd Line: 29
Warning (10540): VHDL Signal Declaration warning at sync.vhd(32): used explicit default value for signal "displayStartX" because signal was never assigned a value File: C:/Users/oci2/Desktop/FinalProject/sync.vhd Line: 32
Warning (10540): VHDL Signal Declaration warning at sync.vhd(33): used explicit default value for signal "displayEndX" because signal was never assigned a value File: C:/Users/oci2/Desktop/FinalProject/sync.vhd Line: 33
Warning (10540): VHDL Signal Declaration warning at sync.vhd(34): used explicit default value for signal "displayStartY" because signal was never assigned a value File: C:/Users/oci2/Desktop/FinalProject/sync.vhd Line: 34
Warning (10540): VHDL Signal Declaration warning at sync.vhd(35): used explicit default value for signal "displayEndY" because signal was never assigned a value File: C:/Users/oci2/Desktop/FinalProject/sync.vhd Line: 35
Warning (10541): VHDL Signal Declaration warning at sync.vhd(50): used implicit default value for signal "enemyBulletX" because signal was never assigned a value or an explicit default value. Use of implicit default value may introduce unintended design optimizations. File: C:/Users/oci2/Desktop/FinalProject/sync.vhd Line: 50
Warning (10541): VHDL Signal Declaration warning at sync.vhd(52): used implicit default value for signal "enemyBulletFlag" because signal was never assigned a value or an explicit default value. Use of implicit default value may introduce unintended design optimizations. File: C:/Users/oci2/Desktop/FinalProject/sync.vhd Line: 52
Warning (10036): Verilog HDL or VHDL warning at sync.vhd(56): object "playerRGB" assigned a value but never read File: C:/Users/oci2/Desktop/FinalProject/sync.vhd Line: 56
Warning (10492): VHDL Process Statement warning at sync.vhd(80): signal "HPOS" is read inside the Process Statement but isn't in the Process Statement's sensitivity list File: C:/Users/oci2/Desktop/FinalProject/sync.vhd Line: 80
Warning (10492): VHDL Process Statement warning at sync.vhd(80): signal "VPOS" is read inside the Process Statement but isn't in the Process Statement's sensitivity list File: C:/Users/oci2/Desktop/FinalProject/sync.vhd Line: 80
Warning (10492): VHDL Process Statement warning at sync.vhd(80): signal "enemyBulletX" is read inside the Process Statement but isn't in the Process Statement's sensitivity list File: C:/Users/oci2/Desktop/FinalProject/sync.vhd Line: 80
Warning (10492): VHDL Process Statement warning at sync.vhd(80): signal "enemyBulletY" is read inside the Process Statement but isn't in the Process Statement's sensitivity list File: C:/Users/oci2/Desktop/FinalProject/sync.vhd Line: 80
Warning (10492): VHDL Process Statement warning at sync.vhd(86): signal "displayStartX" is read inside the Process Statement but isn't in the Process Statement's sensitivity list File: C:/Users/oci2/Desktop/FinalProject/sync.vhd Line: 86
Warning (10492): VHDL Process Statement warning at sync.vhd(86): signal "displayEndX" is read inside the Process Statement but isn't in the Process Statement's sensitivity list File: C:/Users/oci2/Desktop/FinalProject/sync.vhd Line: 86
Warning (10542): VHDL Variable Declaration warning at sync.vhd(87): used initial value expression for variable "playerPosY" because variable was never assigned a value File: C:/Users/oci2/Desktop/FinalProject/sync.vhd Line: 87
Warning (10492): VHDL Process Statement warning at sync.vhd(87): signal "displayStartY" is read inside the Process Statement but isn't in the Process Statement's sensitivity list File: C:/Users/oci2/Desktop/FinalProject/sync.vhd Line: 87
Warning (10492): VHDL Process Statement warning at sync.vhd(87): signal "displayEndY" is read inside the Process Statement but isn't in the Process Statement's sensitivity list File: C:/Users/oci2/Desktop/FinalProject/sync.vhd Line: 87
Warning (10492): VHDL Process Statement warning at sync.vhd(92): signal "displayStartX" is read inside the Process Statement but isn't in the Process Statement's sensitivity list File: C:/Users/oci2/Desktop/FinalProject/sync.vhd Line: 92
Warning (10492): VHDL Process Statement warning at sync.vhd(93): signal "displayStartY" is read inside the Process Statement but isn't in the Process Statement's sensitivity list File: C:/Users/oci2/Desktop/FinalProject/sync.vhd Line: 93
Warning (10036): Verilog HDL or VHDL warning at sync.vhd(94): object "enemyShootIndex" assigned a value but never read File: C:/Users/oci2/Desktop/FinalProject/sync.vhd Line: 94
Info (12128): Elaborating entity "LFSR" for hierarchy "LFSR:random1" File: C:/Users/oci2/Desktop/FinalProject/vga.vhd Line: 71
Warning (12241): 1 hierarchies have connectivity warnings - see the Connectivity Checks report folder
Info (286030): Timing-Driven Synthesis is running
Info (16010): Generating hard_block partition "hard_block:auto_generated_inst"
    Info (16011): Adding 5 node(s), including 0 DDIO, 1 PLL, 0 transceiver and 0 LCELL
Warning: RST port on the PLL is not properly connected on instance PLL:C|PLL_pll_0:pll_0|altera_pll:altera_pll_i|general[0].gpll. The reset port on the PLL should be connected. If the PLL loses lock for any reason, you might need to manually reset the PLL in order to re-establish lock to the reference clock. File: c:/altera_lite/16.0/quartus/libraries/megafunctions/altera_pll.v Line: 749
    Info: Must be connected
Warning (21074): Design contains 1 input pin(s) that do not drive logic
    Warning (15610): No output dependent on input pin "CLOCK_24[1]" File: C:/Users/oci2/Desktop/FinalProject/vga.vhd Line: 8
Info (21057): Implemented 13518 device resources after synthesis - the final resource count might be different
    Info (21058): Implemented 6 input pins
    Info (21059): Implemented 27 output pins
    Info (21061): Implemented 13484 logic cells
    Info (21065): Implemented 1 PLLs
Info: Quartus Prime Analysis & Synthesis was successful. 0 errors, 29 warnings
    Info: Peak virtual memory: 5306 megabytes
    Info: Processing ended: Fri Dec 10 12:50:48 2021
    Info: Elapsed time: 00:00:29
    Info: Total CPU time (on all processors): 00:00:37


